<?xml version="1.0" encoding="UTF-8"?>
<testsuite xmlns:xsi="http://www.w3.org/2001/XMLSchema-instance" xsi:noNamespaceSchemaLocation="https://maven.apache.org/surefire/maven-surefire-plugin/xsd/surefire-test-report.xsd" name="com.github.ybadren.AppTest" time="0.033" tests="1" errors="0" skipped="0" failures="0">
  <properties>
    <property name="java.specification.version" value="17"/>
    <property name="sun.cpu.isalist" value="amd64"/>
    <property name="sun.jnu.encoding" value="GBK"/>
    <property name="java.class.path" value="D:\Zhao\Code\CourseCode\代码仓库\java-course-code\c7_1007\starter\target\test-classes;D:\Zhao\Code\CourseCode\代码仓库\java-course-code\c7_1007\starter\target\classes;D:\Source\Maven\repository\junit\junit\4.11\junit-4.11.jar;D:\Source\Maven\repository\org\hamcrest\hamcrest-core\2.2\hamcrest-core-2.2.jar;D:\Source\Maven\repository\org\hamcrest\hamcrest\2.2\hamcrest-2.2.jar;D:\Source\Maven\repository\org\springframework\boot\spring-boot-starter\2.6.1\spring-boot-starter-2.6.1.jar;D:\Source\Maven\repository\org\springframework\boot\spring-boot\2.6.1\spring-boot-2.6.1.jar;D:\Source\Maven\repository\org\springframework\spring-context\5.3.13\spring-context-5.3.13.jar;D:\Source\Maven\repository\org\springframework\boot\spring-boot-autoconfigure\2.6.1\spring-boot-autoconfigure-2.6.1.jar;D:\Source\Maven\repository\org\springframework\boot\spring-boot-starter-logging\2.6.1\spring-boot-starter-logging-2.6.1.jar;D:\Source\Maven\repository\ch\qos\logback\logback-classic\1.2.7\logback-classic-1.2.7.jar;D:\Source\Maven\repository\ch\qos\logback\logback-core\1.2.7\logback-core-1.2.7.jar;D:\Source\Maven\repository\org\slf4j\slf4j-api\1.7.32\slf4j-api-1.7.32.jar;D:\Source\Maven\repository\org\apache\logging\log4j\log4j-to-slf4j\2.14.1\log4j-to-slf4j-2.14.1.jar;D:\Source\Maven\repository\org\apache\logging\log4j\log4j-api\2.14.1\log4j-api-2.14.1.jar;D:\Source\Maven\repository\org\slf4j\jul-to-slf4j\1.7.32\jul-to-slf4j-1.7.32.jar;D:\Source\Maven\repository\jakarta\annotation\jakarta.annotation-api\1.3.5\jakarta.annotation-api-1.3.5.jar;D:\Source\Maven\repository\org\springframework\spring-core\5.3.13\spring-core-5.3.13.jar;D:\Source\Maven\repository\org\springframework\spring-jcl\5.3.13\spring-jcl-5.3.13.jar;D:\Source\Maven\repository\org\yaml\snakeyaml\1.29\snakeyaml-1.29.jar;D:\Source\Maven\repository\org\springframework\boot\spring-boot-starter-web\2.6.1\spring-boot-starter-web-2.6.1.jar;D:\Source\Maven\repository\org\springframework\boot\spring-boot-starter-json\2.6.1\spring-boot-starter-json-2.6.1.jar;D:\Source\Maven\repository\com\fasterxml\jackson\core\jackson-databind\2.13.0\jackson-databind-2.13.0.jar;D:\Source\Maven\repository\com\fasterxml\jackson\core\jackson-annotations\2.13.0\jackson-annotations-2.13.0.jar;D:\Source\Maven\repository\com\fasterxml\jackson\core\jackson-core\2.13.0\jackson-core-2.13.0.jar;D:\Source\Maven\repository\com\fasterxml\jackson\datatype\jackson-datatype-jdk8\2.13.0\jackson-datatype-jdk8-2.13.0.jar;D:\Source\Maven\repository\com\fasterxml\jackson\datatype\jackson-datatype-jsr310\2.13.0\jackson-datatype-jsr310-2.13.0.jar;D:\Source\Maven\repository\com\fasterxml\jackson\module\jackson-module-parameter-names\2.13.0\jackson-module-parameter-names-2.13.0.jar;D:\Source\Maven\repository\org\springframework\boot\spring-boot-starter-tomcat\2.6.1\spring-boot-starter-tomcat-2.6.1.jar;D:\Source\Maven\repository\org\apache\tomcat\embed\tomcat-embed-core\9.0.55\tomcat-embed-core-9.0.55.jar;D:\Source\Maven\repository\org\apache\tomcat\embed\tomcat-embed-el\9.0.55\tomcat-embed-el-9.0.55.jar;D:\Source\Maven\repository\org\apache\tomcat\embed\tomcat-embed-websocket\9.0.55\tomcat-embed-websocket-9.0.55.jar;D:\Source\Maven\repository\org\springframework\spring-web\5.3.13\spring-web-5.3.13.jar;D:\Source\Maven\repository\org\springframework\spring-beans\5.3.13\spring-beans-5.3.13.jar;D:\Source\Maven\repository\org\springframework\spring-webmvc\5.3.13\spring-webmvc-5.3.13.jar;D:\Source\Maven\repository\org\springframework\spring-expression\5.3.13\spring-expression-5.3.13.jar;D:\Source\Maven\repository\org\springframework\boot\spring-boot-starter-security\2.6.1\spring-boot-starter-security-2.6.1.jar;D:\Source\Maven\repository\org\springframework\spring-aop\5.3.13\spring-aop-5.3.13.jar;D:\Source\Maven\repository\org\springframework\security\spring-security-config\5.6.0\spring-security-config-5.6.0.jar;D:\Source\Maven\repository\org\springframework\security\spring-security-core\5.6.0\spring-security-core-5.6.0.jar;D:\Source\Maven\repository\org\springframework\security\spring-security-crypto\5.6.0\spring-security-crypto-5.6.0.jar;D:\Source\Maven\repository\org\springframework\security\spring-security-web\5.6.0\spring-security-web-5.6.0.jar;"/>
    <property name="java.vm.vendor" value="Eclipse Adoptium"/>
    <property name="sun.arch.data.model" value="64"/>
    <property name="user.variant" value=""/>
    <property name="java.vendor.url" value="https://adoptium.net/"/>
    <property name="user.timezone" value="Asia/Shanghai"/>
    <property name="os.name" value="Windows 10"/>
    <property name="java.vm.specification.version" value="17"/>
    <property name="sun.java.launcher" value="SUN_STANDARD"/>
    <property name="user.country" value="CN"/>
    <property name="sun.boot.library.path" value="D:\SoftwareInstall\Develop\ENV\Language\jdk-17.0.0.35-hotspot\bin"/>
    <property name="sun.java.command" value="C:\Users\ADMINI~1\AppData\Local\Temp\surefire18172799803848122266\surefirebooter10178083174878927148.jar C:\Users\Administrator\AppData\Local\Temp\surefire18172799803848122266 2022-01-03T19-50-12_249-jvmRun1 surefire17323796308168340095tmp surefire_011526242602943635864tmp"/>
    <property name="jdk.debug" value="release"/>
    <property name="surefire.test.class.path" value="D:\Zhao\Code\CourseCode\代码仓库\java-course-code\c7_1007\starter\target\test-classes;D:\Zhao\Code\CourseCode\代码仓库\java-course-code\c7_1007\starter\target\classes;D:\Source\Maven\repository\junit\junit\4.11\junit-4.11.jar;D:\Source\Maven\repository\org\hamcrest\hamcrest-core\2.2\hamcrest-core-2.2.jar;D:\Source\Maven\repository\org\hamcrest\hamcrest\2.2\hamcrest-2.2.jar;D:\Source\Maven\repository\org\springframework\boot\spring-boot-starter\2.6.1\spring-boot-starter-2.6.1.jar;D:\Source\Maven\repository\org\springframework\boot\spring-boot\2.6.1\spring-boot-2.6.1.jar;D:\Source\Maven\repository\org\springframework\spring-context\5.3.13\spring-context-5.3.13.jar;D:\Source\Maven\repository\org\springframework\boot\spring-boot-autoconfigure\2.6.1\spring-boot-autoconfigure-2.6.1.jar;D:\Source\Maven\repository\org\springframework\boot\spring-boot-starter-logging\2.6.1\spring-boot-starter-logging-2.6.1.jar;D:\Source\Maven\repository\ch\qos\logback\logback-classic\1.2.7\logback-classic-1.2.7.jar;D:\Source\Maven\repository\ch\qos\logback\logback-core\1.2.7\logback-core-1.2.7.jar;D:\Source\Maven\repository\org\slf4j\slf4j-api\1.7.32\slf4j-api-1.7.32.jar;D:\Source\Maven\repository\org\apache\logging\log4j\log4j-to-slf4j\2.14.1\log4j-to-slf4j-2.14.1.jar;D:\Source\Maven\repository\org\apache\logging\log4j\log4j-api\2.14.1\log4j-api-2.14.1.jar;D:\Source\Maven\repository\org\slf4j\jul-to-slf4j\1.7.32\jul-to-slf4j-1.7.32.jar;D:\Source\Maven\repository\jakarta\annotation\jakarta.annotation-api\1.3.5\jakarta.annotation-api-1.3.5.jar;D:\Source\Maven\repository\org\springframework\spring-core\5.3.13\spring-core-5.3.13.jar;D:\Source\Maven\repository\org\springframework\spring-jcl\5.3.13\spring-jcl-5.3.13.jar;D:\Source\Maven\repository\org\yaml\snakeyaml\1.29\snakeyaml-1.29.jar;D:\Source\Maven\repository\org\springframework\boot\spring-boot-starter-web\2.6.1\spring-boot-starter-web-2.6.1.jar;D:\Source\Maven\repository\org\springframework\boot\spring-boot-starter-json\2.6.1\spring-boot-starter-json-2.6.1.jar;D:\Source\Maven\repository\com\fasterxml\jackson\core\jackson-databind\2.13.0\jackson-databind-2.13.0.jar;D:\Source\Maven\repository\com\fasterxml\jackson\core\jackson-annotations\2.13.0\jackson-annotations-2.13.0.jar;D:\Source\Maven\repository\com\fasterxml\jackson\core\jackson-core\2.13.0\jackson-core-2.13.0.jar;D:\Source\Maven\repository\com\fasterxml\jackson\datatype\jackson-datatype-jdk8\2.13.0\jackson-datatype-jdk8-2.13.0.jar;D:\Source\Maven\repository\com\fasterxml\jackson\datatype\jackson-datatype-jsr310\2.13.0\jackson-datatype-jsr310-2.13.0.jar;D:\Source\Maven\repository\com\fasterxml\jackson\module\jackson-module-parameter-names\2.13.0\jackson-module-parameter-names-2.13.0.jar;D:\Source\Maven\repository\org\springframework\boot\spring-boot-starter-tomcat\2.6.1\spring-boot-starter-tomcat-2.6.1.jar;D:\Source\Maven\repository\org\apache\tomcat\embed\tomcat-embed-core\9.0.55\tomcat-embed-core-9.0.55.jar;D:\Source\Maven\repository\org\apache\tomcat\embed\tomcat-embed-el\9.0.55\tomcat-embed-el-9.0.55.jar;D:\Source\Maven\repository\org\apache\tomcat\embed\tomcat-embed-websocket\9.0.55\tomcat-embed-websocket-9.0.55.jar;D:\Source\Maven\repository\org\springframework\spring-web\5.3.13\spring-web-5.3.13.jar;D:\Source\Maven\repository\org\springframework\spring-beans\5.3.13\spring-beans-5.3.13.jar;D:\Source\Maven\repository\org\springframework\spring-webmvc\5.3.13\spring-webmvc-5.3.13.jar;D:\Source\Maven\repository\org\springframework\spring-expression\5.3.13\spring-expression-5.3.13.jar;D:\Source\Maven\repository\org\springframework\boot\spring-boot-starter-security\2.6.1\spring-boot-starter-security-2.6.1.jar;D:\Source\Maven\repository\org\springframework\spring-aop\5.3.13\spring-aop-5.3.13.jar;D:\Source\Maven\repository\org\springframework\security\spring-security-config\5.6.0\spring-security-config-5.6.0.jar;D:\Source\Maven\repository\org\springframework\security\spring-security-core\5.6.0\spring-security-core-5.6.0.jar;D:\Source\Maven\repository\org\springframework\security\spring-security-crypto\5.6.0\spring-security-crypto-5.6.0.jar;D:\Source\Maven\repository\org\springframework\security\spring-security-web\5.6.0\spring-security-web-5.6.0.jar;"/>
    <property name="sun.cpu.endian" value="little"/>
    <property name="user.home" value="C:\Users\Administrator"/>
    <property name="user.language" value="zh"/>
    <property name="java.specification.vendor" value="Oracle Corporation"/>
    <property name="java.version.date" value="2021-09-14"/>
    <property name="java.home" value="D:\SoftwareInstall\Develop\ENV\Language\jdk-17.0.0.35-hotspot"/>
    <property name="file.separator" value="\"/>
    <property name="basedir" value="D:\Zhao\Code\CourseCode\代码仓库\java-course-code\c7_1007\starter"/>
    <property name="java.vm.compressedOopsMode" value="Zero based"/>
    <property name="line.separator" value="&#10;"/>
    <property name="java.vm.specification.vendor" value="Oracle Corporation"/>
    <property name="java.specification.name" value="Java Platform API Specification"/>
    <property name="surefire.real.class.path" value="C:\Users\ADMINI~1\AppData\Local\Temp\surefire18172799803848122266\surefirebooter10178083174878927148.jar"/>
    <property name="user.script" value=""/>
    <property name="sun.management.compiler" value="HotSpot 64-Bit Tiered Compilers"/>
    <property name="java.runtime.version" value="17+35"/>
    <property name="user.name" value="Administrator"/>
    <property name="path.separator" value=";"/>
    <property name="os.version" value="10.0"/>
    <property name="java.runtime.name" value="OpenJDK Runtime Environment"/>
    <property name="file.encoding" value="GBK"/>
    <property name="java.vm.name" value="OpenJDK 64-Bit Server VM"/>
    <property name="java.vendor.version" value="Temurin-17+35"/>
    <property name="localRepository" value="D:\Source\Maven\repository"/>
    <property name="java.vendor.url.bug" value="https://github.com/adoptium/adoptium-support/issues"/>
    <property name="java.io.tmpdir" value="C:\Users\ADMINI~1\AppData\Local\Temp\"/>
    <property name="idea.version" value="2021.3"/>
    <property name="java.version" value="17"/>
    <property name="user.dir" value="D:\Zhao\Code\CourseCode\代码仓库\java-course-code\c7_1007\starter"/>
    <property name="os.arch" value="amd64"/>
    <property name="java.vm.specification.name" value="Java Virtual Machine Specification"/>
    <property name="sun.os.patch.level" value=""/>
    <property name="native.encoding" value="GBK"/>
    <property name="java.library.path" value="D:\SoftwareInstall\Develop\ENV\Language\jdk-17.0.0.35-hotspot\bin;C:\Windows\Sun\Java\bin;C:\Windows\system32;C:\Windows;D:\SoftwareInstall\Develop\ENV\Language\jdk-17.0.0.35-hotspot\bin;C:\Windows\system32;C:\Windows;C:\Windows\System32\Wbem;C:\Windows\System32\WindowsPowerShell\v1.0\;C:\Windows\System32\OpenSSH\;D:\SoftwareInstall\Develop\ENV\node.js\;C:\ProgramData\chocolatey\bin;D:\SoftwareInstall\Develop\Other Tool\mysql-8.0.26-winx64\mysql-8.0.26-winx64\bin;D:\SoftwareInstall\Develop\Other Tool\XShell\XFtp\;D:\SoftwareInstall\Develop\Other Tool\XShell\XShell\;D:\SoftwareInstall\Develop\ENV\Gradle\gradle-6.8.2\bin;D:\公用\软件\Tool\curl-7.80.0-win64-mingw\bin\curl.exe;D:\SoftwareInstall\Develop\ENV\python\Scripts\;D:\SoftwareInstall\Develop\ENV\python\;C:\Users\Administrator\AppData\Local\Microsoft\WindowsApps;D:\SoftwareInstall\Develop\ENV\Language\Java\jdk-11\bin;D:\SoftwareInstall\Develop\Idea\IntelliJ IDEA 2020.2\bin;D:\SoftwareInstall\Develop\ENV\Maven\apache-maven-3.8.1\bin;C:\Users\Administrator\AppData\Roaming\npm;D:\SoftwareInstall\Develop\Idea\PyCharm 2019.2.5\bin;D:\SoftwareInstall\Develop\Idea\PyCharm Community Edition 2018.3.4\bin;D:\SoftwareInstall\Develop\Idea\VSCode\bin;."/>
    <property name="java.vm.info" value="mixed mode, sharing"/>
    <property name="java.vendor" value="Eclipse Adoptium"/>
    <property name="java.vm.version" value="17+35"/>
    <property name="sun.io.unicode.encoding" value="UnicodeLittle"/>
    <property name="maven.repo.local" value="D:\Source\Maven\repository"/>
    <property name="java.class.version" value="61.0"/>
  </properties>
  <testcase name="shouldAnswerWithTrue" classname="com.github.ybadren.AppTest" time="0.002"/>
</testsuite>