<?xml version="1.0" encoding="UTF-8"?>
<testsuite xmlns:xsi="http://www.w3.org/2001/XMLSchema-instance" xsi:noNamespaceSchemaLocation="https://maven.apache.org/surefire/maven-surefire-plugin/xsd/surefire-test-report.xsd" name="com.imooc.pay.service.impl.PayServiceTest" time="2.55" tests="3" errors="2" skipped="0" failures="0">
  <properties>
    <property name="sun.desktop" value="windows"/>
    <property name="awt.toolkit" value="sun.awt.windows.WToolkit"/>
    <property name="java.specification.version" value="11"/>
    <property name="sun.cpu.isalist" value="amd64"/>
    <property name="sun.jnu.encoding" value="GBK"/>
    <property name="java.class.path" value="E:\MyResponse\java-course-code\c13_1013\pay\target\test-classes;E:\MyResponse\java-course-code\c13_1013\pay\target\classes;G:\Language Proctice\java\maven\repository\org\springframework\boot\spring-boot-starter-web\2.1.7.RELEASE\spring-boot-starter-web-2.1.7.RELEASE.jar;G:\Language Proctice\java\maven\repository\org\springframework\boot\spring-boot-starter\2.1.7.RELEASE\spring-boot-starter-2.1.7.RELEASE.jar;G:\Language Proctice\java\maven\repository\org\springframework\boot\spring-boot\2.1.7.RELEASE\spring-boot-2.1.7.RELEASE.jar;G:\Language Proctice\java\maven\repository\org\springframework\boot\spring-boot-autoconfigure\2.1.7.RELEASE\spring-boot-autoconfigure-2.1.7.RELEASE.jar;G:\Language Proctice\java\maven\repository\org\springframework\boot\spring-boot-starter-logging\2.1.7.RELEASE\spring-boot-starter-logging-2.1.7.RELEASE.jar;G:\Language Proctice\java\maven\repository\ch\qos\logback\logback-classic\1.2.3\logback-classic-1.2.3.jar;G:\Language Proctice\java\maven\repository\ch\qos\logback\logback-core\1.2.3\logback-core-1.2.3.jar;G:\Language Proctice\java\maven\repository\org\apache\logging\log4j\log4j-to-slf4j\2.11.2\log4j-to-slf4j-2.11.2.jar;G:\Language Proctice\java\maven\repository\org\apache\logging\log4j\log4j-api\2.11.2\log4j-api-2.11.2.jar;G:\Language Proctice\java\maven\repository\org\slf4j\jul-to-slf4j\1.7.26\jul-to-slf4j-1.7.26.jar;G:\Language Proctice\java\maven\repository\javax\annotation\javax.annotation-api\1.3.2\javax.annotation-api-1.3.2.jar;G:\Language Proctice\java\maven\repository\org\yaml\snakeyaml\1.23\snakeyaml-1.23.jar;G:\Language Proctice\java\maven\repository\org\springframework\boot\spring-boot-starter-json\2.1.7.RELEASE\spring-boot-starter-json-2.1.7.RELEASE.jar;G:\Language Proctice\java\maven\repository\com\fasterxml\jackson\datatype\jackson-datatype-jdk8\2.9.9\jackson-datatype-jdk8-2.9.9.jar;G:\Language Proctice\java\maven\repository\com\fasterxml\jackson\datatype\jackson-datatype-jsr310\2.9.9\jackson-datatype-jsr310-2.9.9.jar;G:\Language Proctice\java\maven\repository\com\fasterxml\jackson\module\jackson-module-parameter-names\2.9.9\jackson-module-parameter-names-2.9.9.jar;G:\Language Proctice\java\maven\repository\org\springframework\boot\spring-boot-starter-tomcat\2.1.7.RELEASE\spring-boot-starter-tomcat-2.1.7.RELEASE.jar;G:\Language Proctice\java\maven\repository\org\apache\tomcat\embed\tomcat-embed-el\9.0.22\tomcat-embed-el-9.0.22.jar;G:\Language Proctice\java\maven\repository\org\apache\tomcat\embed\tomcat-embed-websocket\9.0.22\tomcat-embed-websocket-9.0.22.jar;G:\Language Proctice\java\maven\repository\org\hibernate\validator\hibernate-validator\6.0.17.Final\hibernate-validator-6.0.17.Final.jar;G:\Language Proctice\java\maven\repository\javax\validation\validation-api\2.0.1.Final\validation-api-2.0.1.Final.jar;G:\Language Proctice\java\maven\repository\org\jboss\logging\jboss-logging\3.3.2.Final\jboss-logging-3.3.2.Final.jar;G:\Language Proctice\java\maven\repository\com\fasterxml\classmate\1.4.0\classmate-1.4.0.jar;G:\Language Proctice\java\maven\repository\org\springframework\spring-web\5.1.9.RELEASE\spring-web-5.1.9.RELEASE.jar;G:\Language Proctice\java\maven\repository\org\springframework\spring-beans\5.1.9.RELEASE\spring-beans-5.1.9.RELEASE.jar;G:\Language Proctice\java\maven\repository\org\springframework\spring-webmvc\5.1.9.RELEASE\spring-webmvc-5.1.9.RELEASE.jar;G:\Language Proctice\java\maven\repository\org\springframework\spring-aop\5.1.9.RELEASE\spring-aop-5.1.9.RELEASE.jar;G:\Language Proctice\java\maven\repository\org\springframework\spring-context\5.1.9.RELEASE\spring-context-5.1.9.RELEASE.jar;G:\Language Proctice\java\maven\repository\org\springframework\spring-expression\5.1.9.RELEASE\spring-expression-5.1.9.RELEASE.jar;G:\Language Proctice\java\maven\repository\org\mybatis\spring\boot\mybatis-spring-boot-starter\2.1.0\mybatis-spring-boot-starter-2.1.0.jar;G:\Language Proctice\java\maven\repository\org\springframework\boot\spring-boot-starter-jdbc\2.1.7.RELEASE\spring-boot-starter-jdbc-2.1.7.RELEASE.jar;G:\Language Proctice\java\maven\repository\com\zaxxer\HikariCP\3.2.0\HikariCP-3.2.0.jar;G:\Language Proctice\java\maven\repository\org\springframework\spring-jdbc\5.1.9.RELEASE\spring-jdbc-5.1.9.RELEASE.jar;G:\Language Proctice\java\maven\repository\org\mybatis\spring\boot\mybatis-spring-boot-autoconfigure\2.1.0\mybatis-spring-boot-autoconfigure-2.1.0.jar;G:\Language Proctice\java\maven\repository\org\mybatis\mybatis\3.5.2\mybatis-3.5.2.jar;G:\Language Proctice\java\maven\repository\org\mybatis\mybatis-spring\2.0.2\mybatis-spring-2.0.2.jar;G:\Language Proctice\java\maven\repository\mysql\mysql-connector-java\8.0.17\mysql-connector-java-8.0.17.jar;G:\Language Proctice\java\maven\repository\org\projectlombok\lombok\1.18.8\lombok-1.18.8.jar;G:\Language Proctice\java\maven\repository\org\springframework\boot\spring-boot-starter-test\2.1.7.RELEASE\spring-boot-starter-test-2.1.7.RELEASE.jar;G:\Language Proctice\java\maven\repository\org\springframework\boot\spring-boot-test\2.1.7.RELEASE\spring-boot-test-2.1.7.RELEASE.jar;G:\Language Proctice\java\maven\repository\org\springframework\boot\spring-boot-test-autoconfigure\2.1.7.RELEASE\spring-boot-test-autoconfigure-2.1.7.RELEASE.jar;G:\Language Proctice\java\maven\repository\com\jayway\jsonpath\json-path\2.4.0\json-path-2.4.0.jar;G:\Language Proctice\java\maven\repository\net\minidev\json-smart\2.3\json-smart-2.3.jar;G:\Language Proctice\java\maven\repository\net\minidev\accessors-smart\1.2\accessors-smart-1.2.jar;G:\Language Proctice\java\maven\repository\org\ow2\asm\asm\5.0.4\asm-5.0.4.jar;G:\Language Proctice\java\maven\repository\junit\junit\4.12\junit-4.12.jar;G:\Language Proctice\java\maven\repository\org\assertj\assertj-core\3.11.1\assertj-core-3.11.1.jar;G:\Language Proctice\java\maven\repository\org\mockito\mockito-core\2.23.4\mockito-core-2.23.4.jar;G:\Language Proctice\java\maven\repository\net\bytebuddy\byte-buddy\1.9.16\byte-buddy-1.9.16.jar;G:\Language Proctice\java\maven\repository\net\bytebuddy\byte-buddy-agent\1.9.16\byte-buddy-agent-1.9.16.jar;G:\Language Proctice\java\maven\repository\org\objenesis\objenesis\2.6\objenesis-2.6.jar;G:\Language Proctice\java\maven\repository\org\hamcrest\hamcrest-core\1.3\hamcrest-core-1.3.jar;G:\Language Proctice\java\maven\repository\org\hamcrest\hamcrest-library\1.3\hamcrest-library-1.3.jar;G:\Language Proctice\java\maven\repository\org\skyscreamer\jsonassert\1.5.0\jsonassert-1.5.0.jar;G:\Language Proctice\java\maven\repository\com\vaadin\external\google\android-json\0.0.20131108.vaadin1\android-json-0.0.20131108.vaadin1.jar;G:\Language Proctice\java\maven\repository\org\springframework\spring-core\5.1.9.RELEASE\spring-core-5.1.9.RELEASE.jar;G:\Language Proctice\java\maven\repository\org\springframework\spring-jcl\5.1.9.RELEASE\spring-jcl-5.1.9.RELEASE.jar;G:\Language Proctice\java\maven\repository\org\springframework\spring-test\5.1.9.RELEASE\spring-test-5.1.9.RELEASE.jar;G:\Language Proctice\java\maven\repository\org\xmlunit\xmlunit-core\2.6.3\xmlunit-core-2.6.3.jar;G:\Language Proctice\java\maven\repository\javax\xml\bind\jaxb-api\2.3.1\jaxb-api-2.3.1.jar;G:\Language Proctice\java\maven\repository\javax\activation\javax.activation-api\1.2.0\javax.activation-api-1.2.0.jar;G:\Language Proctice\java\maven\repository\cn\springboot\best-pay-sdk\1.3.0\best-pay-sdk-1.3.0.jar;G:\Language Proctice\java\maven\repository\com\google\code\gson\gson\2.8.5\gson-2.8.5.jar;G:\Language Proctice\java\maven\repository\org\apache\commons\commons-lang3\3.8.1\commons-lang3-3.8.1.jar;G:\Language Proctice\java\maven\repository\org\apache\httpcomponents\httpclient\4.5.9\httpclient-4.5.9.jar;G:\Language Proctice\java\maven\repository\org\apache\httpcomponents\httpcore\4.4.11\httpcore-4.4.11.jar;G:\Language Proctice\java\maven\repository\commons-codec\commons-codec\1.11\commons-codec-1.11.jar;G:\Language Proctice\java\maven\repository\org\glassfish\jersey\core\jersey-client\2.27\jersey-client-2.27.jar;G:\Language Proctice\java\maven\repository\javax\ws\rs\javax.ws.rs-api\2.1\javax.ws.rs-api-2.1.jar;G:\Language Proctice\java\maven\repository\org\glassfish\jersey\core\jersey-common\2.27\jersey-common-2.27.jar;G:\Language Proctice\java\maven\repository\org\glassfish\hk2\osgi-resource-locator\1.0.1\osgi-resource-locator-1.0.1.jar;G:\Language Proctice\java\maven\repository\org\glassfish\hk2\external\javax.inject\2.5.0-b42\javax.inject-2.5.0-b42.jar;G:\Language Proctice\java\maven\repository\org\glassfish\jersey\connectors\jersey-apache-connector\2.27\jersey-apache-connector-2.27.jar;G:\Language Proctice\java\maven\repository\com\fasterxml\jackson\core\jackson-core\2.9.9\jackson-core-2.9.9.jar;G:\Language Proctice\java\maven\repository\com\fasterxml\jackson\core\jackson-databind\2.9.9\jackson-databind-2.9.9.jar;G:\Language Proctice\java\maven\repository\com\fasterxml\jackson\core\jackson-annotations\2.9.0\jackson-annotations-2.9.0.jar;G:\Language Proctice\java\maven\repository\org\slf4j\slf4j-api\1.7.26\slf4j-api-1.7.26.jar;G:\Language Proctice\java\maven\repository\joda-time\joda-time\2.10.3\joda-time-2.10.3.jar;G:\Language Proctice\java\maven\repository\org\apache\tomcat\embed\tomcat-embed-core\9.0.22\tomcat-embed-core-9.0.22.jar;G:\Language Proctice\java\maven\repository\org\apache\tomcat\tomcat-annotations-api\9.0.22\tomcat-annotations-api-9.0.22.jar;G:\Language Proctice\java\maven\repository\com\squareup\retrofit2\retrofit\2.3.0\retrofit-2.3.0.jar;G:\Language Proctice\java\maven\repository\com\squareup\okhttp3\okhttp\3.8.0\okhttp-3.8.0.jar;G:\Language Proctice\java\maven\repository\com\squareup\okio\okio\1.13.0\okio-1.13.0.jar;G:\Language Proctice\java\maven\repository\com\squareup\retrofit2\converter-simplexml\2.3.0\converter-simplexml-2.3.0.jar;G:\Language Proctice\java\maven\repository\org\simpleframework\simple-xml\2.7.1\simple-xml-2.7.1.jar;G:\Language Proctice\java\maven\repository\stax\stax-api\1.0.1\stax-api-1.0.1.jar;G:\Language Proctice\java\maven\repository\stax\stax\1.2.0\stax-1.2.0.jar;G:\Language Proctice\java\maven\repository\xpp3\xpp3\1.1.3.3\xpp3-1.1.3.3.jar;G:\Language Proctice\java\maven\repository\com\squareup\retrofit2\converter-gson\2.3.0\converter-gson-2.3.0.jar;G:\Language Proctice\java\maven\repository\com\squareup\okhttp3\logging-interceptor\3.8.0\logging-interceptor-3.8.0.jar;G:\Language Proctice\java\maven\repository\org\bouncycastle\bcprov-jdk15on\1.59\bcprov-jdk15on-1.59.jar;G:\Language Proctice\java\maven\repository\org\springframework\boot\spring-boot-starter-freemarker\2.1.7.RELEASE\spring-boot-starter-freemarker-2.1.7.RELEASE.jar;G:\Language Proctice\java\maven\repository\org\freemarker\freemarker\2.3.28\freemarker-2.3.28.jar;G:\Language Proctice\java\maven\repository\org\springframework\spring-context-support\5.1.9.RELEASE\spring-context-support-5.1.9.RELEASE.jar;G:\Language Proctice\java\maven\repository\org\springframework\boot\spring-boot-starter-amqp\2.1.7.RELEASE\spring-boot-starter-amqp-2.1.7.RELEASE.jar;G:\Language Proctice\java\maven\repository\org\springframework\spring-messaging\5.1.9.RELEASE\spring-messaging-5.1.9.RELEASE.jar;G:\Language Proctice\java\maven\repository\org\springframework\amqp\spring-rabbit\2.1.8.RELEASE\spring-rabbit-2.1.8.RELEASE.jar;G:\Language Proctice\java\maven\repository\org\springframework\amqp\spring-amqp\2.1.8.RELEASE\spring-amqp-2.1.8.RELEASE.jar;G:\Language Proctice\java\maven\repository\org\springframework\retry\spring-retry\1.2.4.RELEASE\spring-retry-1.2.4.RELEASE.jar;G:\Language Proctice\java\maven\repository\com\rabbitmq\amqp-client\5.4.3\amqp-client-5.4.3.jar;G:\Language Proctice\java\maven\repository\org\springframework\spring-tx\5.1.9.RELEASE\spring-tx-5.1.9.RELEASE.jar;"/>
    <property name="java.vm.vendor" value="Oracle Corporation"/>
    <property name="sun.arch.data.model" value="64"/>
    <property name="user.variant" value=""/>
    <property name="java.vendor.url" value="http://java.oracle.com/"/>
    <property name="user.timezone" value="Asia/Shanghai"/>
    <property name="java.vm.specification.version" value="11"/>
    <property name="os.name" value="Windows 10"/>
    <property name="sun.java.launcher" value="SUN_STANDARD"/>
    <property name="user.country" value="CN"/>
    <property name="sun.boot.library.path" value="D:\java\java_versions\openjdk-11+28_windows-x64_bin\jdk-11\bin"/>
    <property name="sun.java.command" value="C:\Users\erbin\AppData\Local\Temp\surefire1841424828905202196\surefirebooter806621786710278428.jar C:\Users\erbin\AppData\Local\Temp\surefire1841424828905202196 2022-01-11T10-26-34_460-jvmRun1 surefire8903018862959843093tmp surefire_015225328038027464401tmp"/>
    <property name="jdk.debug" value="release"/>
    <property name="surefire.test.class.path" value="E:\MyResponse\java-course-code\c13_1013\pay\target\test-classes;E:\MyResponse\java-course-code\c13_1013\pay\target\classes;G:\Language Proctice\java\maven\repository\org\springframework\boot\spring-boot-starter-web\2.1.7.RELEASE\spring-boot-starter-web-2.1.7.RELEASE.jar;G:\Language Proctice\java\maven\repository\org\springframework\boot\spring-boot-starter\2.1.7.RELEASE\spring-boot-starter-2.1.7.RELEASE.jar;G:\Language Proctice\java\maven\repository\org\springframework\boot\spring-boot\2.1.7.RELEASE\spring-boot-2.1.7.RELEASE.jar;G:\Language Proctice\java\maven\repository\org\springframework\boot\spring-boot-autoconfigure\2.1.7.RELEASE\spring-boot-autoconfigure-2.1.7.RELEASE.jar;G:\Language Proctice\java\maven\repository\org\springframework\boot\spring-boot-starter-logging\2.1.7.RELEASE\spring-boot-starter-logging-2.1.7.RELEASE.jar;G:\Language Proctice\java\maven\repository\ch\qos\logback\logback-classic\1.2.3\logback-classic-1.2.3.jar;G:\Language Proctice\java\maven\repository\ch\qos\logback\logback-core\1.2.3\logback-core-1.2.3.jar;G:\Language Proctice\java\maven\repository\org\apache\logging\log4j\log4j-to-slf4j\2.11.2\log4j-to-slf4j-2.11.2.jar;G:\Language Proctice\java\maven\repository\org\apache\logging\log4j\log4j-api\2.11.2\log4j-api-2.11.2.jar;G:\Language Proctice\java\maven\repository\org\slf4j\jul-to-slf4j\1.7.26\jul-to-slf4j-1.7.26.jar;G:\Language Proctice\java\maven\repository\javax\annotation\javax.annotation-api\1.3.2\javax.annotation-api-1.3.2.jar;G:\Language Proctice\java\maven\repository\org\yaml\snakeyaml\1.23\snakeyaml-1.23.jar;G:\Language Proctice\java\maven\repository\org\springframework\boot\spring-boot-starter-json\2.1.7.RELEASE\spring-boot-starter-json-2.1.7.RELEASE.jar;G:\Language Proctice\java\maven\repository\com\fasterxml\jackson\datatype\jackson-datatype-jdk8\2.9.9\jackson-datatype-jdk8-2.9.9.jar;G:\Language Proctice\java\maven\repository\com\fasterxml\jackson\datatype\jackson-datatype-jsr310\2.9.9\jackson-datatype-jsr310-2.9.9.jar;G:\Language Proctice\java\maven\repository\com\fasterxml\jackson\module\jackson-module-parameter-names\2.9.9\jackson-module-parameter-names-2.9.9.jar;G:\Language Proctice\java\maven\repository\org\springframework\boot\spring-boot-starter-tomcat\2.1.7.RELEASE\spring-boot-starter-tomcat-2.1.7.RELEASE.jar;G:\Language Proctice\java\maven\repository\org\apache\tomcat\embed\tomcat-embed-el\9.0.22\tomcat-embed-el-9.0.22.jar;G:\Language Proctice\java\maven\repository\org\apache\tomcat\embed\tomcat-embed-websocket\9.0.22\tomcat-embed-websocket-9.0.22.jar;G:\Language Proctice\java\maven\repository\org\hibernate\validator\hibernate-validator\6.0.17.Final\hibernate-validator-6.0.17.Final.jar;G:\Language Proctice\java\maven\repository\javax\validation\validation-api\2.0.1.Final\validation-api-2.0.1.Final.jar;G:\Language Proctice\java\maven\repository\org\jboss\logging\jboss-logging\3.3.2.Final\jboss-logging-3.3.2.Final.jar;G:\Language Proctice\java\maven\repository\com\fasterxml\classmate\1.4.0\classmate-1.4.0.jar;G:\Language Proctice\java\maven\repository\org\springframework\spring-web\5.1.9.RELEASE\spring-web-5.1.9.RELEASE.jar;G:\Language Proctice\java\maven\repository\org\springframework\spring-beans\5.1.9.RELEASE\spring-beans-5.1.9.RELEASE.jar;G:\Language Proctice\java\maven\repository\org\springframework\spring-webmvc\5.1.9.RELEASE\spring-webmvc-5.1.9.RELEASE.jar;G:\Language Proctice\java\maven\repository\org\springframework\spring-aop\5.1.9.RELEASE\spring-aop-5.1.9.RELEASE.jar;G:\Language Proctice\java\maven\repository\org\springframework\spring-context\5.1.9.RELEASE\spring-context-5.1.9.RELEASE.jar;G:\Language Proctice\java\maven\repository\org\springframework\spring-expression\5.1.9.RELEASE\spring-expression-5.1.9.RELEASE.jar;G:\Language Proctice\java\maven\repository\org\mybatis\spring\boot\mybatis-spring-boot-starter\2.1.0\mybatis-spring-boot-starter-2.1.0.jar;G:\Language Proctice\java\maven\repository\org\springframework\boot\spring-boot-starter-jdbc\2.1.7.RELEASE\spring-boot-starter-jdbc-2.1.7.RELEASE.jar;G:\Language Proctice\java\maven\repository\com\zaxxer\HikariCP\3.2.0\HikariCP-3.2.0.jar;G:\Language Proctice\java\maven\repository\org\springframework\spring-jdbc\5.1.9.RELEASE\spring-jdbc-5.1.9.RELEASE.jar;G:\Language Proctice\java\maven\repository\org\mybatis\spring\boot\mybatis-spring-boot-autoconfigure\2.1.0\mybatis-spring-boot-autoconfigure-2.1.0.jar;G:\Language Proctice\java\maven\repository\org\mybatis\mybatis\3.5.2\mybatis-3.5.2.jar;G:\Language Proctice\java\maven\repository\org\mybatis\mybatis-spring\2.0.2\mybatis-spring-2.0.2.jar;G:\Language Proctice\java\maven\repository\mysql\mysql-connector-java\8.0.17\mysql-connector-java-8.0.17.jar;G:\Language Proctice\java\maven\repository\org\projectlombok\lombok\1.18.8\lombok-1.18.8.jar;G:\Language Proctice\java\maven\repository\org\springframework\boot\spring-boot-starter-test\2.1.7.RELEASE\spring-boot-starter-test-2.1.7.RELEASE.jar;G:\Language Proctice\java\maven\repository\org\springframework\boot\spring-boot-test\2.1.7.RELEASE\spring-boot-test-2.1.7.RELEASE.jar;G:\Language Proctice\java\maven\repository\org\springframework\boot\spring-boot-test-autoconfigure\2.1.7.RELEASE\spring-boot-test-autoconfigure-2.1.7.RELEASE.jar;G:\Language Proctice\java\maven\repository\com\jayway\jsonpath\json-path\2.4.0\json-path-2.4.0.jar;G:\Language Proctice\java\maven\repository\net\minidev\json-smart\2.3\json-smart-2.3.jar;G:\Language Proctice\java\maven\repository\net\minidev\accessors-smart\1.2\accessors-smart-1.2.jar;G:\Language Proctice\java\maven\repository\org\ow2\asm\asm\5.0.4\asm-5.0.4.jar;G:\Language Proctice\java\maven\repository\junit\junit\4.12\junit-4.12.jar;G:\Language Proctice\java\maven\repository\org\assertj\assertj-core\3.11.1\assertj-core-3.11.1.jar;G:\Language Proctice\java\maven\repository\org\mockito\mockito-core\2.23.4\mockito-core-2.23.4.jar;G:\Language Proctice\java\maven\repository\net\bytebuddy\byte-buddy\1.9.16\byte-buddy-1.9.16.jar;G:\Language Proctice\java\maven\repository\net\bytebuddy\byte-buddy-agent\1.9.16\byte-buddy-agent-1.9.16.jar;G:\Language Proctice\java\maven\repository\org\objenesis\objenesis\2.6\objenesis-2.6.jar;G:\Language Proctice\java\maven\repository\org\hamcrest\hamcrest-core\1.3\hamcrest-core-1.3.jar;G:\Language Proctice\java\maven\repository\org\hamcrest\hamcrest-library\1.3\hamcrest-library-1.3.jar;G:\Language Proctice\java\maven\repository\org\skyscreamer\jsonassert\1.5.0\jsonassert-1.5.0.jar;G:\Language Proctice\java\maven\repository\com\vaadin\external\google\android-json\0.0.20131108.vaadin1\android-json-0.0.20131108.vaadin1.jar;G:\Language Proctice\java\maven\repository\org\springframework\spring-core\5.1.9.RELEASE\spring-core-5.1.9.RELEASE.jar;G:\Language Proctice\java\maven\repository\org\springframework\spring-jcl\5.1.9.RELEASE\spring-jcl-5.1.9.RELEASE.jar;G:\Language Proctice\java\maven\repository\org\springframework\spring-test\5.1.9.RELEASE\spring-test-5.1.9.RELEASE.jar;G:\Language Proctice\java\maven\repository\org\xmlunit\xmlunit-core\2.6.3\xmlunit-core-2.6.3.jar;G:\Language Proctice\java\maven\repository\javax\xml\bind\jaxb-api\2.3.1\jaxb-api-2.3.1.jar;G:\Language Proctice\java\maven\repository\javax\activation\javax.activation-api\1.2.0\javax.activation-api-1.2.0.jar;G:\Language Proctice\java\maven\repository\cn\springboot\best-pay-sdk\1.3.0\best-pay-sdk-1.3.0.jar;G:\Language Proctice\java\maven\repository\com\google\code\gson\gson\2.8.5\gson-2.8.5.jar;G:\Language Proctice\java\maven\repository\org\apache\commons\commons-lang3\3.8.1\commons-lang3-3.8.1.jar;G:\Language Proctice\java\maven\repository\org\apache\httpcomponents\httpclient\4.5.9\httpclient-4.5.9.jar;G:\Language Proctice\java\maven\repository\org\apache\httpcomponents\httpcore\4.4.11\httpcore-4.4.11.jar;G:\Language Proctice\java\maven\repository\commons-codec\commons-codec\1.11\commons-codec-1.11.jar;G:\Language Proctice\java\maven\repository\org\glassfish\jersey\core\jersey-client\2.27\jersey-client-2.27.jar;G:\Language Proctice\java\maven\repository\javax\ws\rs\javax.ws.rs-api\2.1\javax.ws.rs-api-2.1.jar;G:\Language Proctice\java\maven\repository\org\glassfish\jersey\core\jersey-common\2.27\jersey-common-2.27.jar;G:\Language Proctice\java\maven\repository\org\glassfish\hk2\osgi-resource-locator\1.0.1\osgi-resource-locator-1.0.1.jar;G:\Language Proctice\java\maven\repository\org\glassfish\hk2\external\javax.inject\2.5.0-b42\javax.inject-2.5.0-b42.jar;G:\Language Proctice\java\maven\repository\org\glassfish\jersey\connectors\jersey-apache-connector\2.27\jersey-apache-connector-2.27.jar;G:\Language Proctice\java\maven\repository\com\fasterxml\jackson\core\jackson-core\2.9.9\jackson-core-2.9.9.jar;G:\Language Proctice\java\maven\repository\com\fasterxml\jackson\core\jackson-databind\2.9.9\jackson-databind-2.9.9.jar;G:\Language Proctice\java\maven\repository\com\fasterxml\jackson\core\jackson-annotations\2.9.0\jackson-annotations-2.9.0.jar;G:\Language Proctice\java\maven\repository\org\slf4j\slf4j-api\1.7.26\slf4j-api-1.7.26.jar;G:\Language Proctice\java\maven\repository\joda-time\joda-time\2.10.3\joda-time-2.10.3.jar;G:\Language Proctice\java\maven\repository\org\apache\tomcat\embed\tomcat-embed-core\9.0.22\tomcat-embed-core-9.0.22.jar;G:\Language Proctice\java\maven\repository\org\apache\tomcat\tomcat-annotations-api\9.0.22\tomcat-annotations-api-9.0.22.jar;G:\Language Proctice\java\maven\repository\com\squareup\retrofit2\retrofit\2.3.0\retrofit-2.3.0.jar;G:\Language Proctice\java\maven\repository\com\squareup\okhttp3\okhttp\3.8.0\okhttp-3.8.0.jar;G:\Language Proctice\java\maven\repository\com\squareup\okio\okio\1.13.0\okio-1.13.0.jar;G:\Language Proctice\java\maven\repository\com\squareup\retrofit2\converter-simplexml\2.3.0\converter-simplexml-2.3.0.jar;G:\Language Proctice\java\maven\repository\org\simpleframework\simple-xml\2.7.1\simple-xml-2.7.1.jar;G:\Language Proctice\java\maven\repository\stax\stax-api\1.0.1\stax-api-1.0.1.jar;G:\Language Proctice\java\maven\repository\stax\stax\1.2.0\stax-1.2.0.jar;G:\Language Proctice\java\maven\repository\xpp3\xpp3\1.1.3.3\xpp3-1.1.3.3.jar;G:\Language Proctice\java\maven\repository\com\squareup\retrofit2\converter-gson\2.3.0\converter-gson-2.3.0.jar;G:\Language Proctice\java\maven\repository\com\squareup\okhttp3\logging-interceptor\3.8.0\logging-interceptor-3.8.0.jar;G:\Language Proctice\java\maven\repository\org\bouncycastle\bcprov-jdk15on\1.59\bcprov-jdk15on-1.59.jar;G:\Language Proctice\java\maven\repository\org\springframework\boot\spring-boot-starter-freemarker\2.1.7.RELEASE\spring-boot-starter-freemarker-2.1.7.RELEASE.jar;G:\Language Proctice\java\maven\repository\org\freemarker\freemarker\2.3.28\freemarker-2.3.28.jar;G:\Language Proctice\java\maven\repository\org\springframework\spring-context-support\5.1.9.RELEASE\spring-context-support-5.1.9.RELEASE.jar;G:\Language Proctice\java\maven\repository\org\springframework\boot\spring-boot-starter-amqp\2.1.7.RELEASE\spring-boot-starter-amqp-2.1.7.RELEASE.jar;G:\Language Proctice\java\maven\repository\org\springframework\spring-messaging\5.1.9.RELEASE\spring-messaging-5.1.9.RELEASE.jar;G:\Language Proctice\java\maven\repository\org\springframework\amqp\spring-rabbit\2.1.8.RELEASE\spring-rabbit-2.1.8.RELEASE.jar;G:\Language Proctice\java\maven\repository\org\springframework\amqp\spring-amqp\2.1.8.RELEASE\spring-amqp-2.1.8.RELEASE.jar;G:\Language Proctice\java\maven\repository\org\springframework\retry\spring-retry\1.2.4.RELEASE\spring-retry-1.2.4.RELEASE.jar;G:\Language Proctice\java\maven\repository\com\rabbitmq\amqp-client\5.4.3\amqp-client-5.4.3.jar;G:\Language Proctice\java\maven\repository\org\springframework\spring-tx\5.1.9.RELEASE\spring-tx-5.1.9.RELEASE.jar;"/>
    <property name="sun.cpu.endian" value="little"/>
    <property name="user.home" value="C:\Users\erbin"/>
    <property name="user.language" value="zh"/>
    <property name="java.specification.vendor" value="Oracle Corporation"/>
    <property name="java.version.date" value="2018-09-25"/>
    <property name="java.home" value="D:\java\java_versions\openjdk-11+28_windows-x64_bin\jdk-11"/>
    <property name="file.separator" value="\"/>
    <property name="basedir" value="E:\MyResponse\java-course-code\c13_1013\pay"/>
    <property name="java.vm.compressedOopsMode" value="Zero based"/>
    <property name="line.separator" value="&#10;"/>
    <property name="java.specification.name" value="Java Platform API Specification"/>
    <property name="java.vm.specification.vendor" value="Oracle Corporation"/>
    <property name="java.awt.graphicsenv" value="sun.awt.Win32GraphicsEnvironment"/>
    <property name="surefire.real.class.path" value="C:\Users\erbin\AppData\Local\Temp\surefire1841424828905202196\surefirebooter806621786710278428.jar"/>
    <property name="user.script" value=""/>
    <property name="sun.management.compiler" value="HotSpot 64-Bit Tiered Compilers"/>
    <property name="java.runtime.version" value="11+28"/>
    <property name="user.name" value="erbin"/>
    <property name="path.separator" value=";"/>
    <property name="os.version" value="10.0"/>
    <property name="java.runtime.name" value="OpenJDK Runtime Environment"/>
    <property name="file.encoding" value="GBK"/>
    <property name="java.vm.name" value="OpenJDK 64-Bit Server VM"/>
    <property name="java.vendor.version" value="18.9"/>
    <property name="localRepository" value="G:\Language Proctice\java\maven\repository"/>
    <property name="java.vendor.url.bug" value="http://bugreport.java.com/bugreport/"/>
    <property name="java.io.tmpdir" value="C:\Users\erbin\AppData\Local\Temp\"/>
    <property name="idea.version" value="2021.3"/>
    <property name="java.version" value="11"/>
    <property name="user.dir" value="E:\MyResponse\java-course-code\c13_1013\pay"/>
    <property name="os.arch" value="amd64"/>
    <property name="java.vm.specification.name" value="Java Virtual Machine Specification"/>
    <property name="java.awt.printerjob" value="sun.awt.windows.WPrinterJob"/>
    <property name="sun.os.patch.level" value=""/>
    <property name="java.library.path" value="D:\java\java_versions\openjdk-11+28_windows-x64_bin\jdk-11\bin;C:\Windows\Sun\Java\bin;C:\Windows\system32;C:\Windows;C:\Program Files\Common Files\Oracle\Java\javapath;D:\VMware Workstation\bin\;D:\java\jdk\bin;D:\java\JRE\bin;D:\ernv\gradle\gradle-7.3.3-all\gradle-7.3.3\bin;C:\sqlite3;C:\ProgramData\Oracle\Java\javapath;C:\Program Files (x86)\Intel\Intel(R) Management Engine Components\iCLS\;C:\Program Files\Intel\Intel(R) Management Engine Components\iCLS\;C:\Windows\system32;C:\Windows;C:\Windows\System32\Wbem;C:\Windows\System32\WindowsPowerShell\v1.0\;C:\Windows\System32\OpenSSH\;C:\Program Files (x86)\Intel\Intel(R) Management Engine Components\DAL;C:\Program Files\Intel\Intel(R) Management Engine Components\DAL;C:\Program Files\Intel\WiFi\bin\;C:\Program Files\Common Files\Intel\WirelessCommon\;C:\Program Files (x86)\NVIDIA Corporation\PhysX\Common;C:\Program Files (x86)\Microsoft SQL Server\100\Tools\Binn\;C:\Program Files\Microsoft SQL Server\100\Tools\Binn\;C:\Program Files\Microsoft SQL Server\100\DTS\Binn\;d:\python\Scripts;D:\爬虫所需软件\数据库\;D:\Git\c;d;D:\bin;C:\Program Files (x86)\Microsoft SQL Server\110\Tools\Binn\;C:\Program Files\Microsoft SQL Server\110\Tools\Binn\;C:\Program Files\Microsoft SQL Server\110\DTS\Binn\;D:\MySQL\MySQL Server 5.5\bin;D:\Python;C:\Program Files\Terminus\Terminus.exe;D:\tools\myBlog\node-v12.1.0-win-x64\node-global\node_modules\hexo\node_modules\.bin;D:\ernv\java\apache-maven-3.8.4-bin\apache-maven-3.8.4\bin;D:\ernv\lib\opencv\Opencv3.4.2\Opencv3.4.2\WindowSoft\opencv\build\x64\vc15\bin;D:\tools\SciTools\bin\pc-win64;G:\Language Proctice\Goworks;C:\Program Files (x86)\Google\Chrome\Application;%HADOOP_HOME%\bin;C:\Program Files\Calibre2\;D:\tools\Graphviz\bin;D:\tools\database\mysql-8.0.27-winx64\bin;D:\ernv\node\node-v16.13.1-win-x64;D:\ernv\node\node-v16.13.1-win-x64\node-globa;C:\Users\erbin\.cargo\bin;C:\Users\erbin\AppData\Local\Microsoft\WindowsApps;D:\ProGramTool\byTool\PyCharm 2018.3.2\bin;D:\爬虫所需软件\数据库\mysql-5.6.43-winx64\bin;D:\tools\Programs\Fiddler;D:\IDE\JetBrains\IDEA 2020.1\IntelliJ IDEA 2020.1\bin;C:\Users\erbin\AppData\Local\Pandoc\;D:\go\idea\GoLand 2020.1\bin;D:\tools\PhpStorm 2018.3.5\bin;;%GoLand%;D:\tools\Microsoft VS Code\bin;D:\IDE\JetBrains\IntelliJ IDEA 2021.3\bin;;C:\Users\erbin\AppData\Local\GitHubDesktop\bin;."/>
    <property name="java.vendor" value="Oracle Corporation"/>
    <property name="java.vm.info" value="mixed mode"/>
    <property name="java.vm.version" value="11+28"/>
    <property name="sun.io.unicode.encoding" value="UnicodeLittle"/>
    <property name="maven.repo.local" value="G:\Language Proctice\java\maven\repository"/>
    <property name="java.class.version" value="55.0"/>
  </properties>
  <testcase name="create" classname="com.imooc.pay.service.impl.PayServiceTest" time="1.536">
    <error message="nested exception is org.apache.ibatis.exceptions.PersistenceException: &#10;### Error updating database.  Cause: org.springframework.jdbc.CannotGetJdbcConnectionException: Failed to obtain JDBC Connection; nested exception is java.sql.SQLException: Access denied for user &apos;root&apos;@&apos;localhost&apos; (using password: YES)&#10;### The error may exist in file [E:\MyResponse\java-course-code\c13_1013\pay\target\classes\mappers\PayInfoMapper.xml]&#10;### The error may involve com.imooc.pay.dao.PayInfoMapper.insertSelective&#10;### The error occurred while executing an update&#10;### Cause: org.springframework.jdbc.CannotGetJdbcConnectionException: Failed to obtain JDBC Connection; nested exception is java.sql.SQLException: Access denied for user &apos;root&apos;@&apos;localhost&apos; (using password: YES)" type="org.mybatis.spring.MyBatisSystemException">org.mybatis.spring.MyBatisSystemException: 
nested exception is org.apache.ibatis.exceptions.PersistenceException: 
### Error updating database.  Cause: org.springframework.jdbc.CannotGetJdbcConnectionException: Failed to obtain JDBC Connection; nested exception is java.sql.SQLException: Access denied for user 'root'@'localhost' (using password: YES)
### The error may exist in file [E:\MyResponse\java-course-code\c13_1013\pay\target\classes\mappers\PayInfoMapper.xml]
### The error may involve com.imooc.pay.dao.PayInfoMapper.insertSelective
### The error occurred while executing an update
### Cause: org.springframework.jdbc.CannotGetJdbcConnectionException: Failed to obtain JDBC Connection; nested exception is java.sql.SQLException: Access denied for user 'root'@'localhost' (using password: YES)
	at com.imooc.pay.service.impl.PayServiceTest.create(PayServiceTest.java:26)
Caused by: org.apache.ibatis.exceptions.PersistenceException: 

### Error updating database.  Cause: org.springframework.jdbc.CannotGetJdbcConnectionException: Failed to obtain JDBC Connection; nested exception is java.sql.SQLException: Access denied for user 'root'@'localhost' (using password: YES)
### The error may exist in file [E:\MyResponse\java-course-code\c13_1013\pay\target\classes\mappers\PayInfoMapper.xml]
### The error may involve com.imooc.pay.dao.PayInfoMapper.insertSelective
### The error occurred while executing an update
### Cause: org.springframework.jdbc.CannotGetJdbcConnectionException: Failed to obtain JDBC Connection; nested exception is java.sql.SQLException: Access denied for user 'root'@'localhost' (using password: YES)
	at com.imooc.pay.service.impl.PayServiceTest.create(PayServiceTest.java:26)
Caused by: org.springframework.jdbc.CannotGetJdbcConnectionException: Failed to obtain JDBC Connection; nested exception is java.sql.SQLException: Access denied for user 'root'@'localhost' (using password: YES)
	at com.imooc.pay.service.impl.PayServiceTest.create(PayServiceTest.java:26)
Caused by: java.sql.SQLException: Access denied for user 'root'@'localhost' (using password: YES)
	at com.imooc.pay.service.impl.PayServiceTest.create(PayServiceTest.java:26)
</error>
    <system-out><![CDATA[[main] INFO  o.s.b.t.c.SpringBootTestContextBootstrapper - Neither @ContextConfiguration nor @ContextHierarchy found for test class [com.imooc.pay.service.impl.PayServiceTest], using SpringBootContextLoader
[main] INFO  o.s.t.c.s.AbstractContextLoader - Could not detect default resource locations for test class [com.imooc.pay.service.impl.PayServiceTest]: no resource found for suffixes {-context.xml, Context.groovy}.
[main] INFO  o.s.t.c.s.AnnotationConfigContextLoaderUtils - Could not detect default configuration classes for test class [com.imooc.pay.service.impl.PayServiceTest]: PayServiceTest does not declare any static, non-private, non-final, nested classes annotated with @Configuration.
[main] INFO  o.s.b.t.c.SpringBootTestContextBootstrapper - Found @SpringBootConfiguration com.imooc.pay.PayApplication for test class com.imooc.pay.service.impl.PayServiceTest
[main] INFO  o.s.b.t.c.SpringBootTestContextBootstrapper - Loaded default TestExecutionListener class names from location [META-INF/spring.factories]: [org.springframework.boot.test.mock.mockito.MockitoTestExecutionListener, org.springframework.boot.test.mock.mockito.ResetMocksTestExecutionListener, org.springframework.boot.test.autoconfigure.restdocs.RestDocsTestExecutionListener, org.springframework.boot.test.autoconfigure.web.client.MockRestServiceServerResetTestExecutionListener, org.springframework.boot.test.autoconfigure.web.servlet.MockMvcPrintOnlyOnFailureTestExecutionListener, org.springframework.boot.test.autoconfigure.web.servlet.WebDriverTestExecutionListener, org.springframework.test.context.web.ServletTestExecutionListener, org.springframework.test.context.support.DirtiesContextBeforeModesTestExecutionListener, org.springframework.test.context.support.DependencyInjectionTestExecutionListener, org.springframework.test.context.support.DirtiesContextTestExecutionListener, org.springframework.test.context.transaction.TransactionalTestExecutionListener, org.springframework.test.context.jdbc.SqlScriptsTestExecutionListener]
[main] INFO  o.s.b.t.c.SpringBootTestContextBootstrapper - Using TestExecutionListeners: [org.springframework.test.context.web.ServletTestExecutionListener@7686f701, org.springframework.test.context.support.DirtiesContextBeforeModesTestExecutionListener@47c96f2c, org.springframework.boot.test.mock.mockito.MockitoTestExecutionListener@210a26b, org.springframework.boot.test.autoconfigure.SpringBootDependencyInjectionTestExecutionListener@2dc21583, org.springframework.test.context.support.DirtiesContextTestExecutionListener@6cbdd1c5, org.springframework.test.context.transaction.TransactionalTestExecutionListener@60816371, org.springframework.test.context.jdbc.SqlScriptsTestExecutionListener@678586f0, org.springframework.boot.test.mock.mockito.ResetMocksTestExecutionListener@5ad6f98e, org.springframework.boot.test.autoconfigure.restdocs.RestDocsTestExecutionListener@586728e8, org.springframework.boot.test.autoconfigure.web.client.MockRestServiceServerResetTestExecutionListener@3316527e, org.springframework.boot.test.autoconfigure.web.servlet.MockMvcPrintOnlyOnFailureTestExecutionListener@786ff0ea, org.springframework.boot.test.autoconfigure.web.servlet.WebDriverTestExecutionListener@15186ce0]
[main] INFO  com.zaxxer.hikari.HikariDataSource - HikariPool-1 - Starting...
[main] ERROR com.zaxxer.hikari.pool.HikariPool - HikariPool-1 - Exception during pool initialization.
java.sql.SQLException: Access denied for user 'root'@'localhost' (using password: YES)
	at com.mysql.cj.jdbc.exceptions.SQLError.createSQLException(SQLError.java:129)
	at com.mysql.cj.jdbc.exceptions.SQLError.createSQLException(SQLError.java:97)
	at com.mysql.cj.jdbc.exceptions.SQLExceptionsMapping.translateException(SQLExceptionsMapping.java:122)
	at com.mysql.cj.jdbc.ConnectionImpl.createNewIO(ConnectionImpl.java:827)
	at com.mysql.cj.jdbc.ConnectionImpl.<init>(ConnectionImpl.java:447)
	at com.mysql.cj.jdbc.ConnectionImpl.getInstance(ConnectionImpl.java:237)
	at com.mysql.cj.jdbc.NonRegisteringDriver.connect(NonRegisteringDriver.java:199)
	at com.zaxxer.hikari.util.DriverDataSource.getConnection(DriverDataSource.java:136)
	at com.zaxxer.hikari.pool.PoolBase.newConnection(PoolBase.java:369)
	at com.zaxxer.hikari.pool.PoolBase.newPoolEntry(PoolBase.java:198)
	at com.zaxxer.hikari.pool.HikariPool.createPoolEntry(HikariPool.java:467)
	at com.zaxxer.hikari.pool.HikariPool.checkFailFast(HikariPool.java:541)
	at com.zaxxer.hikari.pool.HikariPool.<init>(HikariPool.java:115)
	at com.zaxxer.hikari.HikariDataSource.getConnection(HikariDataSource.java:112)
	at org.springframework.jdbc.datasource.DataSourceUtils.fetchConnection(DataSourceUtils.java:157)
	at org.springframework.jdbc.datasource.DataSourceUtils.doGetConnection(DataSourceUtils.java:115)
	at org.springframework.jdbc.datasource.DataSourceUtils.getConnection(DataSourceUtils.java:78)
	at org.mybatis.spring.transaction.SpringManagedTransaction.openConnection(SpringManagedTransaction.java:80)
	at org.mybatis.spring.transaction.SpringManagedTransaction.getConnection(SpringManagedTransaction.java:67)
	at org.apache.ibatis.executor.BaseExecutor.getConnection(BaseExecutor.java:336)
	at org.apache.ibatis.executor.SimpleExecutor.prepareStatement(SimpleExecutor.java:85)
	at org.apache.ibatis.executor.SimpleExecutor.doUpdate(SimpleExecutor.java:49)
	at org.apache.ibatis.executor.BaseExecutor.update(BaseExecutor.java:117)
	at org.apache.ibatis.executor.CachingExecutor.update(CachingExecutor.java:76)
	at org.apache.ibatis.session.defaults.DefaultSqlSession.update(DefaultSqlSession.java:197)
	at org.apache.ibatis.session.defaults.DefaultSqlSession.insert(DefaultSqlSession.java:184)
	at java.base/jdk.internal.reflect.NativeMethodAccessorImpl.invoke0(Native Method)
	at java.base/jdk.internal.reflect.NativeMethodAccessorImpl.invoke(NativeMethodAccessorImpl.java:62)
	at java.base/jdk.internal.reflect.DelegatingMethodAccessorImpl.invoke(DelegatingMethodAccessorImpl.java:43)
	at java.base/java.lang.reflect.Method.invoke(Method.java:566)
	at org.mybatis.spring.SqlSessionTemplate$SqlSessionInterceptor.invoke(SqlSessionTemplate.java:426)
	at com.sun.proxy.$Proxy69.insert(Unknown Source)
	at org.mybatis.spring.SqlSessionTemplate.insert(SqlSessionTemplate.java:271)
	at org.apache.ibatis.binding.MapperMethod.execute(MapperMethod.java:62)
	at org.apache.ibatis.binding.MapperProxy.invoke(MapperProxy.java:57)
	at com.sun.proxy.$Proxy70.insertSelective(Unknown Source)
	at com.imooc.pay.service.impl.PayServiceImpl.create(PayServiceImpl.java:52)
	at com.imooc.pay.service.impl.PayServiceTest.create(PayServiceTest.java:26)
	at java.base/jdk.internal.reflect.NativeMethodAccessorImpl.invoke0(Native Method)
	at java.base/jdk.internal.reflect.NativeMethodAccessorImpl.invoke(NativeMethodAccessorImpl.java:62)
	at java.base/jdk.internal.reflect.DelegatingMethodAccessorImpl.invoke(DelegatingMethodAccessorImpl.java:43)
	at java.base/java.lang.reflect.Method.invoke(Method.java:566)
	at org.junit.runners.model.FrameworkMethod$1.runReflectiveCall(FrameworkMethod.java:50)
	at org.junit.internal.runners.model.ReflectiveCallable.run(ReflectiveCallable.java:12)
	at org.junit.runners.model.FrameworkMethod.invokeExplosively(FrameworkMethod.java:47)
	at org.junit.internal.runners.statements.InvokeMethod.evaluate(InvokeMethod.java:17)
	at org.springframework.test.context.junit4.statements.RunBeforeTestExecutionCallbacks.evaluate(RunBeforeTestExecutionCallbacks.java:74)
	at org.springframework.test.context.junit4.statements.RunAfterTestExecutionCallbacks.evaluate(RunAfterTestExecutionCallbacks.java:84)
	at org.springframework.test.context.junit4.statements.RunBeforeTestMethodCallbacks.evaluate(RunBeforeTestMethodCallbacks.java:75)
	at org.springframework.test.context.junit4.statements.RunAfterTestMethodCallbacks.evaluate(RunAfterTestMethodCallbacks.java:86)
	at org.springframework.test.context.junit4.statements.SpringRepeat.evaluate(SpringRepeat.java:84)
	at org.junit.runners.ParentRunner.runLeaf(ParentRunner.java:325)
	at org.springframework.test.context.junit4.SpringJUnit4ClassRunner.runChild(SpringJUnit4ClassRunner.java:251)
	at org.springframework.test.context.junit4.SpringJUnit4ClassRunner.runChild(SpringJUnit4ClassRunner.java:97)
	at org.junit.runners.ParentRunner$3.run(ParentRunner.java:290)
	at org.junit.runners.ParentRunner$1.schedule(ParentRunner.java:71)
	at org.junit.runners.ParentRunner.runChildren(ParentRunner.java:288)
	at org.junit.runners.ParentRunner.access$000(ParentRunner.java:58)
	at org.junit.runners.ParentRunner$2.evaluate(ParentRunner.java:268)
	at org.springframework.test.context.junit4.statements.RunBeforeTestClassCallbacks.evaluate(RunBeforeTestClassCallbacks.java:61)
	at org.springframework.test.context.junit4.statements.RunAfterTestClassCallbacks.evaluate(RunAfterTestClassCallbacks.java:70)
	at org.junit.runners.ParentRunner.run(ParentRunner.java:363)
	at org.springframework.test.context.junit4.SpringJUnit4ClassRunner.run(SpringJUnit4ClassRunner.java:190)
	at org.apache.maven.surefire.junit4.JUnit4Provider.execute(JUnit4Provider.java:365)
	at org.apache.maven.surefire.junit4.JUnit4Provider.executeWithRerun(JUnit4Provider.java:273)
	at org.apache.maven.surefire.junit4.JUnit4Provider.executeTestSet(JUnit4Provider.java:238)
	at org.apache.maven.surefire.junit4.JUnit4Provider.invoke(JUnit4Provider.java:159)
	at org.apache.maven.surefire.booter.ForkedBooter.invokeProviderInSameClassLoader(ForkedBooter.java:384)
	at org.apache.maven.surefire.booter.ForkedBooter.runSuitesInProcess(ForkedBooter.java:345)
	at org.apache.maven.surefire.booter.ForkedBooter.execute(ForkedBooter.java:126)
	at org.apache.maven.surefire.booter.ForkedBooter.main(ForkedBooter.java:418)
]]></system-out>
  </testcase>
  <testcase name="sendMQMsg" classname="com.imooc.pay.service.impl.PayServiceTest" time="1.011">
    <error message="java.net.ConnectException: Connection refused: connect" type="org.springframework.amqp.AmqpConnectException">org.springframework.amqp.AmqpConnectException: java.net.ConnectException: Connection refused: connect
	at com.imooc.pay.service.impl.PayServiceTest.sendMQMsg(PayServiceTest.java:31)
Caused by: java.net.ConnectException: Connection refused: connect
	at com.imooc.pay.service.impl.PayServiceTest.sendMQMsg(PayServiceTest.java:31)
</error>
    <system-out><![CDATA[[main] INFO  o.s.a.r.c.CachingConnectionFactory - Attempting to connect to: [127.0.0.1:5672]
]]></system-out>
  </testcase>
  <testcase name="contextLoads" classname="com.imooc.pay.service.impl.PayServiceTest" time="0.001"/>
</testsuite>